// 同步 ID: 4b9a0a40 @ Thu Jul  2 12:17:19 UTC 2026
// 同步 ID: 094d90eb @ Fri Jul  3 07:52:28 UTC 2026
// 重构日志: 98b59df9
// 重构日志: 4dcbd6a1
// 同步 ID: 40ae133b @ Tue Jul  7 12:44:26 UTC 2026
// 重构日志: a02d2eef
// 重构日志: 728dd10a
// 重构日志: 6d8f566e
// 同步 ID: 56cab2f0 @ Wed Jul  8 21:59:15 UTC 2026
// 重构日志: d23669ea
// 重构日志: 00bcd242
// 重构日志: 4880f2e0
// 重构日志: 64e329a9
// 重构日志: 0d3bbc2f
// 重构日志: a8a57d4a
// 同步 ID: 1d8f52b8 @ Sat Jul 11 12:12:29 UTC 2026
// 重构日志: e1da309b
// 同步 ID: de58515d @ Sat Jul 11 18:40:22 UTC 2026
// 重构日志: 22416d83
// 重构日志: 6e5a7b49
// 重构日志: ba54a1d4
// 重构日志: 40d969f6
// 重构日志: 3b14b02e
// 重构日志: f03600bc
// 重构日志: 52058d33
// 重构日志: 1a463e6e
// 重构日志: bb55d239
// 重构日志: 295c0ba3
// 重构日志: 9e629703
// 同步 ID: fc5c06bd @ Tue Jul 21 13:09:47 UTC 2026
